<?xml version="1.0" encoding="UTF-8"?>
<!-- Generated by org.testng.reporters.JUnitReportReporter -->
<testsuite hostname="IN-B48C0F3" failures="0" tests="1" name="tests.CartTest" time="9.274" errors="0" timestamp="2024-06-13T14:56:44 IST" skipped="0">
  <testcase classname="tests.CartTest" name="cartTest" time="9.274"/>
</testsuite> <!-- tests.CartTest -->
