<?xml version="1.0" encoding="UTF-8"?>
<!-- Generated by org.testng.reporters.JUnitReportReporter -->
<testsuite hostname="IN-B48C0F3" failures="0" tests="2" name="tests.FilterTest" time="11.642" errors="0" timestamp="2024-06-13T14:56:44 IST" skipped="0">
  <testcase classname="tests.FilterTest" name="bannerTest" time="6.829"/>
  <testcase classname="tests.FilterTest" name="filterTest" time="4.813"/>
</testsuite> <!-- tests.FilterTest -->
