<?xml version="1.0" encoding="UTF-8"?>
<!-- Generated by org.testng.reporters.JUnitReportReporter -->
<testsuite hostname="IN-B48C0F3" failures="0" tests="1" name="tests.ExchangeTest" time="9.677" errors="0" timestamp="2024-06-14T22:45:27 IST" skipped="0">
  <testcase classname="tests.ExchangeTest" name="exchangeTest" time="9.677"/>
</testsuite> <!-- tests.ExchangeTest -->
